2023-10-11 13:16:17 INFO  a.T.UserTests - ************* Creating User ********************
2023-10-11 13:16:22 INFO  a.T.UserTests - ************* User is created ********************
2023-10-11 13:16:22 INFO  a.T.UserTests - ************** Reading User info ***************
2023-10-11 13:16:24 INFO  a.T.UserTests - ************** User info is displayed  ***************
2023-10-11 13:16:24 INFO  a.T.UserTests - ************* Updating User info ****************
2023-10-11 13:16:26 INFO  a.T.UserTests - ************* User updated ****************
2023-10-11 13:16:27 INFO  a.T.UserTests - *********** Dealeting User **************
2023-10-11 13:16:29 INFO  a.T.UserTests - *********** User deleted  **************
2023-10-11 14:15:19 INFO  a.T.UserTests - ************* Creating User ********************
2023-10-11 14:15:26 INFO  a.T.UserTests - ************* User is created ********************
2023-10-11 14:15:26 INFO  a.T.UserTests - ************** Reading User info ***************
2023-10-11 14:25:57 DEBUG a.T.UserTests - debugging......
2023-10-11 14:25:57 INFO  a.T.UserTests - ************* Creating User ********************
2023-10-11 14:26:03 INFO  a.T.UserTests - ************* User is created ********************
2023-10-11 14:26:03 INFO  a.T.UserTests - ************** Reading User ***************
2023-10-11 14:26:05 INFO  a.T.UserTests - ************** User info is displayed  ***************
2023-10-11 14:26:05 INFO  a.T.UserTests - ************* Updating User ****************
2023-10-11 14:26:06 INFO  a.T.UserTests - ************* User updated ****************
2023-10-11 14:26:08 INFO  a.T.UserTests - *********** Deleting User **************
2023-10-11 14:26:09 INFO  a.T.UserTests - *********** User deleted  **************
2023-10-11 15:03:43 DEBUG a.T.UserTests2 - debugging......
2023-10-11 15:03:43 INFO  a.T.UserTests2 - ************* Creating User ********************
2023-10-11 15:03:49 INFO  a.T.UserTests2 - ************* User is created ********************
2023-10-11 15:03:49 INFO  a.T.UserTests2 - ************** Reading User ***************
2023-10-11 15:03:50 INFO  a.T.UserTests2 - ************** User info is displayed  ***************
2023-10-11 15:03:50 INFO  a.T.UserTests2 - ************* Updating User ****************
2023-10-11 15:03:52 INFO  a.T.UserTests2 - ************* User updated ****************
2023-10-11 15:03:55 INFO  a.T.UserTests2 - *********** Deleting User **************
2023-10-11 15:03:57 INFO  a.T.UserTests2 - *********** User deleted  **************
2023-10-12 15:16:02 DEBUG a.T.UserTests2 - debugging......
2023-10-12 15:16:02 INFO  a.T.UserTests2 - ************* Creating User ********************
2023-10-12 15:16:07 INFO  a.T.UserTests2 - ************* User is created ********************
2023-10-12 15:16:07 INFO  a.T.UserTests2 - ************** Reading User ***************
2023-10-12 15:16:10 INFO  a.T.UserTests2 - ************** User info is displayed  ***************
2023-10-12 15:16:10 INFO  a.T.UserTests2 - ************* Updating User ****************
2023-10-12 15:16:11 INFO  a.T.UserTests2 - ************* User updated ****************
2023-10-12 15:16:13 INFO  a.T.UserTests2 - *********** Deleting User **************
2023-10-12 15:16:14 INFO  a.T.UserTests2 - *********** User deleted  **************
2023-10-19 17:30:00 DEBUG a.T.UserTests2 - debugging......
2023-10-19 17:30:00 INFO  a.T.UserTests2 - ************* Creating User ********************
2023-10-19 17:30:05 INFO  a.T.UserTests2 - ************* User is created ********************
2023-10-19 17:30:05 INFO  a.T.UserTests2 - ************** Reading User ***************
2023-10-19 17:30:07 INFO  a.T.UserTests2 - ************** User info is displayed  ***************
2023-10-19 17:30:07 INFO  a.T.UserTests2 - ************* Updating User ****************
2023-10-19 17:30:08 INFO  a.T.UserTests2 - ************* User updated ****************
2023-10-19 17:30:10 INFO  a.T.UserTests2 - *********** Deleting User **************
2023-10-19 17:30:11 INFO  a.T.UserTests2 - *********** User deleted  **************
2023-10-27 14:24:30 DEBUG a.T.UserTests2 - debugging......
2023-10-27 14:24:31 INFO  a.T.UserTests2 - ************* Creating User ********************
2023-10-27 14:24:37 INFO  a.T.UserTests2 - ************* User is created ********************
2023-10-27 14:24:37 INFO  a.T.UserTests2 - ************** Reading User ***************
2023-10-27 14:24:39 INFO  a.T.UserTests2 - ************** User info is displayed  ***************
2023-10-27 14:24:39 INFO  a.T.UserTests2 - ************* Updating User ****************
2023-10-27 14:24:41 INFO  a.T.UserTests2 - ************* User updated ****************
2023-10-27 14:24:43 INFO  a.T.UserTests2 - *********** Deleting User **************
2023-10-27 14:24:45 INFO  a.T.UserTests2 - *********** User deleted  **************
2023-10-27 14:55:48 DEBUG a.T.UserTests2 - debugging......
2023-10-27 14:55:48 INFO  a.T.UserTests2 - ************* Creating User ********************
2023-10-27 14:55:54 INFO  a.T.UserTests2 - ************* User is created ********************
2023-10-27 14:55:54 INFO  a.T.UserTests2 - ************** Reading User ***************
2023-10-27 14:55:56 INFO  a.T.UserTests2 - ************** User info is displayed  ***************
2023-10-27 14:55:56 INFO  a.T.UserTests2 - ************* Updating User ****************
2023-10-27 14:55:58 INFO  a.T.UserTests2 - ************* User updated ****************
2023-10-27 14:56:00 INFO  a.T.UserTests2 - *********** Deleting User **************
2023-10-27 14:56:02 INFO  a.T.UserTests2 - *********** User deleted  **************
